<?xml version="1.0" encoding="UTF-8"?>
<!-- Generated by org.testng.reporters.JUnitReportReporter -->
<testsuite skipped="0" hostname="DESKTOP-VAOVA34" name="script.AmazonTC7" tests="1" failures="0" timestamp="01 Sep 2018 18:09:43 GMT" time="166.615" errors="0">
  <testcase name="CheckDropDown" time="166.615" classname="script.AmazonTC7"/>
</testsuite> <!-- script.AmazonTC7 -->
