<?xml version="1.0" encoding="UTF-8"?>
<!-- Generated by org.testng.reporters.JUnitReportReporter -->
<testsuite skipped="0" hostname="DESKTOP-VAOVA34" name="script.AmazonTC6" tests="1" failures="0" timestamp="01 Sep 2018 18:09:43 GMT" time="30.846" errors="0">
  <testcase name="CheckDropDown" time="30.846" classname="script.AmazonTC6"/>
</testsuite> <!-- script.AmazonTC6 -->
